[19:48:47] Fetching core lists...
[19:48:49] Core lists done.
[19:49:54] Fetching core lists...
[19:49:54] Core lists done.
[19:51:24] Fetching core lists...
[19:51:24]   Cached drivers is empty/invalid, re-fetching...
[19:51:28]   Fetched 881 Drivers (paginated)
[19:51:28]   Cached constructors is empty/invalid, re-fetching...
[19:51:30]   Fetched 214 Constructors (paginated)
[19:51:30] Core lists done.
[19:51:39] Fetching seasons batch: idx 0..14
[19:51:39]   Season 1950
[19:51:41]   Season 1951
[19:51:43]   Season 1952
[19:51:44]   Season 1953
[19:51:46]   Season 1954
[19:51:47]   Season 1955
[19:51:49]   Season 1956
[19:51:50]   Season 1957
[19:51:52]   Season 1958
[19:51:54]   Season 1959
[19:51:56]   Season 1960
[19:51:58]   Season 1961
[19:52:00]   Season 1962
[19:52:03]   Season 1963
[19:52:05]   Season 1964
[19:52:07] Batch done (15 seasons)
[19:52:11] Fetching seasons batch: idx 15..29
[19:52:11]   Season 1965
[19:52:13]   Season 1966
[19:52:15]   Season 1967
[19:52:17]   Season 1968
[19:52:19]   Season 1969
[19:52:21]   Season 1970
[19:52:23]   Season 1971
[19:52:25]   Season 1972
[19:52:28]   Season 1973
[19:52:30]   Season 1974
[19:52:32]   Season 1975
[19:52:34]   Season 1976
[19:52:36]   Retry 1 for cstandings_1976: HTTP Error 429: Too Many Requests
[19:52:37]   Season 1977
[19:52:38]   Retry 1 for results_1977: HTTP Error 429: Too Many Requests
[19:52:39]   Retry 2 for results_1977: HTTP Error 429: Too Many Requests
[19:52:43]   Retry 1 for cstandings_1977: HTTP Error 429: Too Many Requests
[19:52:45]   Retry 2 for cstandings_1977: HTTP Error 429: Too Many Requests
[19:52:48]   Season 1978
[19:52:48]   Retry 1 for results_1978: HTTP Error 429: Too Many Requests
[19:52:50]   Retry 1 for dstandings_1978: HTTP Error 429: Too Many Requests
[19:52:52]   Retry 1 for cstandings_1978: HTTP Error 429: Too Many Requests
[19:52:54]   Retry 2 for cstandings_1978: HTTP Error 429: Too Many Requests
[19:53:04] Fetching seasons batch: idx 15..24
[19:53:04]   Season 1965
[19:53:04]   Season 1966
[19:53:04]   Season 1967
[19:53:04]   Season 1968
[19:53:04]   Season 1969
[19:53:04]   Season 1970
[19:53:04]   Season 1971
[19:53:04]   Season 1972
[19:53:04]   Season 1973
[19:53:04]   Season 1974
[19:53:04] Batch done (10 seasons)
[19:53:11] Fetching seasons batch: idx 25..37
[19:53:11]   Season 1975
[19:53:11]   Season 1976
[19:53:11]   Season 1977
[19:53:11]   Season 1978
[19:53:11]   Season 1979
[19:53:13]   Season 1980
[19:53:16]   Season 1981
[19:53:17]   Retry 1 for dstandings_1981: HTTP Error 429: Too Many Requests
[19:53:19]   Retry 1 for cstandings_1981: HTTP Error 429: Too Many Requests
[19:53:21]   Retry 2 for cstandings_1981: HTTP Error 429: Too Many Requests
[19:53:23]   Season 1982
[19:53:24]   Retry 1 for results_1982: HTTP Error 429: Too Many Requests
[19:53:26]   Retry 1 for dstandings_1982: HTTP Error 429: Too Many Requests
[19:53:28]   Retry 1 for cstandings_1982: HTTP Error 429: Too Many Requests
[19:53:30]   Retry 2 for cstandings_1982: HTTP Error 429: Too Many Requests
[19:53:32]   Season 1983
[19:53:33]   Retry 1 for results_1983: HTTP Error 429: Too Many Requests
[19:53:35]   Retry 1 for dstandings_1983: HTTP Error 429: Too Many Requests
[19:53:38]   Retry 1 for cstandings_1983: HTTP Error 429: Too Many Requests
[19:53:39]   Retry 2 for cstandings_1983: HTTP Error 429: Too Many Requests
[19:53:42]   Season 1984
[19:53:42]   Retry 1 for results_1984: HTTP Error 429: Too Many Requests
[19:53:45]   Retry 1 for dstandings_1984: HTTP Error 429: Too Many Requests
[19:53:47]   Retry 1 for cstandings_1984: HTTP Error 429: Too Many Requests
[19:53:48]   Retry 2 for cstandings_1984: HTTP Error 429: Too Many Requests
[19:53:51]   Season 1985
[19:53:51]   Retry 1 for results_1985: HTTP Error 429: Too Many Requests
[19:53:54]   Retry 1 for dstandings_1985: HTTP Error 429: Too Many Requests
[19:54:03] Fetching seasons batch: idx 25..32
[19:54:03]   Season 1975
[19:54:03]   Season 1976
[19:54:03]   Season 1977
[19:54:03]   Season 1978
[19:54:03]   Season 1979
[19:54:03]   Season 1980
[19:54:03]   Season 1981
[19:54:03]   Season 1982
[19:54:03] Batch done (8 seasons)
[19:54:23] Fetching seasons batch: idx 36..43
[19:54:23]   Season 1986
[19:54:26]   Season 1987
[19:54:28]   Season 1988
[19:54:30]   Season 1989
[19:54:32]   Season 1990
[19:54:32]   Retry 1 for results_1990: HTTP Error 429: Too Many Requests
[19:54:35]   Retry 1 for dstandings_1990: HTTP Error 429: Too Many Requests
[19:54:36]   Retry 2 for dstandings_1990: HTTP Error 429: Too Many Requests
[19:54:40]   Season 1991
[19:54:40]   Retry 1 for results_1991: HTTP Error 429: Too Many Requests
[19:54:42]   Retry 2 for results_1991: HTTP Error 429: Too Many Requests
[19:54:45]   Retry 1 for dstandings_1991: HTTP Error 429: Too Many Requests
[19:54:47]   Retry 1 for cstandings_1991: HTTP Error 429: Too Many Requests
[19:54:49]   Retry 2 for cstandings_1991: HTTP Error 429: Too Many Requests
[19:54:51]   Season 1992
[19:54:52]   Retry 1 for dstandings_1992: HTTP Error 429: Too Many Requests
[19:54:54]   Retry 2 for dstandings_1992: HTTP Error 429: Too Many Requests
[19:54:57]   Retry 1 for cstandings_1992: HTTP Error 429: Too Many Requests
[19:54:59]   Season 1993
[19:54:59]   Retry 1 for results_1993: HTTP Error 429: Too Many Requests
[19:55:01]   Retry 2 for results_1993: HTTP Error 429: Too Many Requests
[19:55:05]   Retry 1 for cstandings_1993: HTTP Error 429: Too Many Requests
[19:55:06]   Retry 2 for cstandings_1993: HTTP Error 429: Too Many Requests
[19:55:13] Fetching seasons batch: idx 36..40
[19:55:13]   Season 1986
[19:55:13]   Season 1987
[19:55:13]   Season 1988
[19:55:13]   Season 1989
[19:55:13]   Season 1990
[19:55:13] Batch done (5 seasons)
[19:55:22] Fetching seasons batch: idx 44..48
[19:55:22]   Season 1994
[19:55:24]   Season 1995
[19:55:26]   Season 1996
[19:55:27]   Retry 1 for dstandings_1996: HTTP Error 429: Too Many Requests
[19:55:30]   Retry 1 for cstandings_1996: HTTP Error 429: Too Many Requests
[19:55:31]   Season 1997
[19:55:32]   Retry 1 for results_1997: HTTP Error 429: Too Many Requests
[19:55:33]   Retry 2 for results_1997: HTTP Error 429: Too Many Requests
[19:55:37]   Retry 1 for dstandings_1997: HTTP Error 429: Too Many Requests
[19:55:39]   Retry 1 for cstandings_1997: HTTP Error 429: Too Many Requests
[19:55:40]   Season 1998
[19:55:41]   Retry 1 for results_1998: HTTP Error 429: Too Many Requests
[19:55:42]   Retry 2 for results_1998: HTTP Error 429: Too Many Requests
[19:55:45]   Retry 1 for dstandings_1998: HTTP Error 429: Too Many Requests
[19:55:48]   Retry 1 for cstandings_1998: HTTP Error 429: Too Many Requests
[19:55:49] Batch done (5 seasons)
[19:56:17] Fetching seasons batch: idx 49..52
[19:56:17]   Season 1999
[19:56:21]   Season 2000
[19:56:25]   Season 2001
[19:56:29]   Season 2002
[19:56:33] Batch done (4 seasons)
[19:56:37] Fetching seasons batch: idx 53..56
[19:56:37]   Season 2003
[19:56:42]   Season 2004
[19:56:46]   Season 2005
[19:56:49]   Retry 1 for dstandings_2005: HTTP Error 429: Too Many Requests
[19:56:54]   Season 2006
[19:56:57]   Retry 1 for dstandings_2006: HTTP Error 429: Too Many Requests
[19:57:03] Batch done (4 seasons)
[19:57:10] Fetching seasons batch: idx 57..60
[19:57:10]   Season 2007
[19:57:14]   Season 2008
[19:57:18]   Retry 1 for cstandings_2008: HTTP Error 429: Too Many Requests
[19:57:23]   Season 2009
[19:57:27]   Retry 1 for cstandings_2009: HTTP Error 429: Too Many Requests
[19:57:32]   Season 2010
[19:57:36]   Retry 1 for cstandings_2010: HTTP Error 429: Too Many Requests
[19:57:41] Batch done (4 seasons)
[19:57:45] Fetching seasons batch: idx 61..64
[19:57:45]   Season 2011
[19:57:49]   Season 2012
[19:57:52]   Retry 1 for dstandings_2012: HTTP Error 429: Too Many Requests
[19:57:57]   Season 2013
[19:58:00]   Retry 1 for dstandings_2013: HTTP Error 429: Too Many Requests
[19:58:06]   Season 2014
[19:58:09]   Retry 1 for dstandings_2014: HTTP Error 429: Too Many Requests
[19:58:15] Batch done (4 seasons)
[19:58:19] Fetching seasons batch: idx 65..68
[19:58:19]   Season 2015
[19:58:23]   Season 2016
[19:58:24]   Retry 1 for results_2016: HTTP Error 429: Too Many Requests
[19:58:32]   Season 2017
[19:58:33]   Retry 1 for results_2017: HTTP Error 429: Too Many Requests
[19:58:40]   Retry 1 for cstandings_2017: HTTP Error 429: Too Many Requests
[19:58:44]   Season 2018
[19:58:48]   Retry 1 for cstandings_2018: HTTP Error 429: Too Many Requests
[19:58:53] Batch done (4 seasons)
[19:58:56] Fetching seasons batch: idx 69..72
[19:58:56]   Season 2019
[19:59:00]   Season 2020
[19:59:03]   Retry 1 for dstandings_2020: HTTP Error 429: Too Many Requests
[19:59:09]   Season 2021
[19:59:10]   Retry 1 for results_2021: HTTP Error 429: Too Many Requests
[19:59:17]   Season 2022
[19:59:18]   Retry 1 for results_2022: HTTP Error 429: Too Many Requests
[19:59:25] Batch done (4 seasons)
[19:59:29] Fetching seasons batch: idx 73..76
[19:59:29]   Season 2023
[19:59:33]   Retry 1 for cstandings_2023: HTTP Error 429: Too Many Requests
[19:59:38]   Season 2024
[19:59:42]   Retry 1 for cstandings_2024: HTTP Error 429: Too Many Requests
[19:59:46]   Season 2025
[19:59:51]   Retry 1 for cstandings_2025: HTTP Error 429: Too Many Requests
[19:59:55]   Season 2026
[19:59:58]   Retry 1 for dstandings_2026: HTTP Error 429: Too Many Requests
[20:00:04] Batch done (4 seasons)
[20:00:32] ═══ PHASE 2: PROCESSING DATA ═══
[20:00:32] Stats: 618 drivers, 170 constructors
[20:00:32] Loaded: 77 seasons, 881 drivers, 214 constructors, 78 circuits
[20:00:32] ═══ PHASE 3: GENERATING PAGES ═══
[20:00:32] Generating homepage...
[20:00:32]   ✓ Homepage
[20:00:32] Generating season pages...
[20:00:32]   ✓ Seasons index
[20:00:32]   ✓ 77 season pages
[20:00:32] Generating driver pages...
[20:00:32]   ✓ Drivers index
[20:00:32]   ✓ 618 driver pages
[20:00:32] Generating constructor pages...
[20:00:32]   ✓ Constructors index
[20:00:33]   ✓ 170 constructor pages
[20:00:33] Generating circuit pages...
[20:00:33]   ✓ Circuits index
[20:00:33]   ✓ 78 circuit pages
[20:00:33] Generating race pages...
[20:00:33]   ✓ 380 race pages
[20:00:33] Generating sitemap...
[20:00:33]   ✓ Sitemap (1328 URLs)
[20:00:33] ═══ GENERATION COMPLETE in 1.6s ═══
[20:02:06] Fetching seasons batch: idx 0..3
[20:02:06]   Season 1950
[20:02:06]     Incomplete results for 1950: got 100/160 entries, re-fetching...
[20:02:10]     Fetched 7 races, 160 entries
[20:02:10]   Season 1951
[20:02:10]     Incomplete results for 1951: got 100/179 entries, re-fetching...
[20:02:13]     Fetched 8 races, 179 entries
[20:02:13]   Season 1952
[20:02:13]     Incomplete results for 1952: got 100/204 entries, re-fetching...
[20:02:17]     Fetched 8 races, 204 entries
[20:02:17]   Season 1953
[20:02:17]     Incomplete results for 1953: got 100/246 entries, re-fetching...
[20:02:22]     Fetched 9 races, 244 entries
[20:02:22] Batch done (4 seasons)
[20:02:27] Fetching seasons batch: idx 4..7
[20:02:27]   Season 1954
[20:02:27]     Incomplete results for 1954: got 100/229 entries, re-fetching...
[20:02:31]     Fetched 9 races, 228 entries
[20:02:31]   Season 1955
[20:02:31]     Incomplete results for 1955: got 100/177 entries, re-fetching...
[20:02:34]     Fetched 7 races, 176 entries
[20:02:34]   Season 1956
[20:02:34]     Incomplete results for 1956: got 100/189 entries, re-fetching...
[20:02:38]     Fetched 8 races, 186 entries
[20:02:38]   Season 1957
[20:02:38]     Incomplete results for 1957: got 100/166 entries, re-fetching...
[20:02:41]     Fetched 8 races, 166 entries
[20:02:41] Batch done (4 seasons)
[20:02:51] Fetching seasons batch: idx 8..11
[20:02:51]   Season 1958
[20:02:51]     Incomplete results for 1958: got 100/226 entries, re-fetching...
[20:02:56]     Fetched 11 races, 225 entries
[20:02:56]   Season 1959
[20:02:56]     Incomplete results for 1959: got 100/181 entries, re-fetching...
[20:02:59]     Fetched 9 races, 181 entries
[20:02:59]   Season 1960
[20:02:59]     Incomplete results for 1960: got 100/215 entries, re-fetching...
[20:03:04]     Fetched 10 races, 215 entries
[20:03:04]   Season 1961
[20:03:04]     Incomplete results for 1961: got 100/215 entries, re-fetching...
[20:03:08]     Fetched 8 races, 213 entries
[20:03:08] Batch done (4 seasons)
[20:03:11] Fetching seasons batch: idx 12..15
[20:03:11]   Season 1962
[20:03:11]     Incomplete results for 1962: got 100/205 entries, re-fetching...
[20:03:15]     Fetched 9 races, 204 entries
[20:03:15]   Season 1963
[20:03:15]     Incomplete results for 1963: got 100/242 entries, re-fetching...
[20:03:20]     Fetched 10 races, 242 entries
[20:03:20]   Season 1964
[20:03:20]     Incomplete results for 1964: got 100/198 entries, re-fetching...
[20:03:23]     Fetched 10 races, 198 entries
[20:03:23]   Season 1965
[20:03:23]     Incomplete results for 1965: got 100/192 entries, re-fetching...
[20:03:26]     Fetched 10 races, 192 entries
[20:03:26] Batch done (4 seasons)
[20:03:30] Fetching seasons batch: idx 16..19
[20:03:30]   Season 1966
[20:03:30]     Incomplete results for 1966: got 100/164 entries, re-fetching...
[20:03:33]     Fetched 9 races, 164 entries
[20:03:33]   Season 1967
[20:03:33]     Incomplete results for 1967: got 100/201 entries, re-fetching...
[20:03:38]     Fetched 11 races, 201 entries
[20:03:38]   Season 1968
[20:03:38]     Incomplete results for 1968: got 100/229 entries, re-fetching...
[20:03:42]     Fetched 12 races, 229 entries
[20:03:42]   Season 1969
[20:03:42]     Incomplete results for 1969: got 100/177 entries, re-fetching...
[20:03:45]     Fetched 11 races, 177 entries
[20:03:45] Batch done (4 seasons)
[20:03:53] Fetching seasons batch: idx 20..23
[20:03:53]   Season 1970
[20:03:53]     Incomplete results for 1970: got 100/267 entries, re-fetching...
[20:03:57]     Fetched 13 races, 267 entries
[20:03:57]   Season 1971
[20:03:57]     Incomplete results for 1971: got 100/257 entries, re-fetching...
[20:04:02]     Fetched 11 races, 257 entries
[20:04:02]   Season 1972
[20:04:02]     Incomplete results for 1972: got 100/305 entries, re-fetching...
[20:04:08]     Fetched 12 races, 305 entries
[20:04:08]   Season 1973
[20:04:08]     Incomplete results for 1973: got 100/357 entries, re-fetching...
[20:04:14]     Fetched 15 races, 357 entries
[20:04:14] Batch done (4 seasons)
[20:04:18] Fetching seasons batch: idx 24..27
[20:04:18]   Season 1974
[20:04:18]     Incomplete results for 1974: got 100/387 entries, re-fetching...
[20:04:24]     Fetched 15 races, 387 entries
[20:04:24]   Season 1975
[20:04:24]     Incomplete results for 1975: got 100/346 entries, re-fetching...
[20:04:30]     Fetched 14 races, 346 entries
[20:04:30]   Season 1976
[20:04:30]     Incomplete results for 1976: got 100/399 entries, re-fetching...
[20:04:36]     Fetched 16 races, 399 entries
[20:04:36]   Season 1977
[20:04:36]     Incomplete results for 1977: got 100/405 entries, re-fetching...
[20:04:44]     Fetched 17 races, 405 entries
[20:04:44] Batch done (4 seasons)
[20:04:49] Fetching seasons batch: idx 28..31
[20:04:49]   Season 1978
[20:04:49]     Incomplete results for 1978: got 100/391 entries, re-fetching...
[20:04:55]     Fetched 16 races, 391 entries
[20:04:55]   Season 1979
[20:04:55]     Incomplete results for 1979: got 100/362 entries, re-fetching...
[20:05:01]     Fetched 15 races, 362 entries
[20:05:01]   Season 1980
[20:05:01]     Incomplete results for 1980: got 100/336 entries, re-fetching...
[20:05:07]     Fetched 14 races, 336 entries
[20:05:07]   Season 1981
[20:05:07]     Incomplete results for 1981: got 100/361 entries, re-fetching...
[20:05:13]     Fetched 15 races, 361 entries
[20:05:13] Batch done (4 seasons)
[20:05:16] Fetching seasons batch: idx 32..35
[20:05:16]   Season 1982
[20:05:16]     Incomplete results for 1982: got 100/401 entries, re-fetching...
[20:05:23]     Fetched 16 races, 401 entries
[20:05:23]   Season 1983
[20:05:23]     Incomplete results for 1983: got 100/385 entries, re-fetching...
[20:05:30]     Fetched 15 races, 385 entries
[20:05:30]   Season 1984
[20:05:30]     Incomplete results for 1984: got 100/414 entries, re-fetching...
[20:05:37]     Fetched 16 races, 414 entries
[20:05:37]   Season 1985
[20:05:37]     Incomplete results for 1985: got 100/400 entries, re-fetching...
[20:05:40]     Retry 1 for results_1985 offset=100: HTTP Error 429: Too Many Requests
[20:05:47]     Fetched 16 races, 400 entries
[20:05:48]   Retry 1 for cstandings_1985: HTTP Error 429: Too Many Requests
[20:05:52] Batch done (4 seasons)
[20:05:56] Fetching seasons batch: idx 36..39
[20:05:56]   Season 1986
[20:05:56]     Incomplete results for 1986: got 100/407 entries, re-fetching...
[20:06:04]     Retry 1 for results_1986 offset=400: HTTP Error 429: Too Many Requests
[20:06:08]     Fetched 16 races, 407 entries
[20:06:08]   Season 1987
[20:06:08]     Incomplete results for 1987: got 100/415 entries, re-fetching...
[20:06:12]     Retry 1 for results_1987 offset=200: HTTP Error 429: Too Many Requests
[20:06:20]     Retry 1 for results_1987 offset=400: HTTP Error 429: Too Many Requests
[20:06:24]     Fetched 16 races, 415 entries
[20:06:24]   Season 1988
[20:06:24]     Incomplete results for 1988: got 100/421 entries, re-fetching...
[20:06:28]     Retry 1 for results_1988 offset=200: HTTP Error 429: Too Many Requests
[20:06:36]     Fetched 16 races, 421 entries
[20:06:36]   Season 1989
[20:06:36]     Incomplete results for 1989: got 100/418 entries, re-fetching...
[20:06:37]     Retry 1 for results_1989 offset=0: HTTP Error 429: Too Many Requests
[20:06:46] Fetching seasons batch: idx 36..38
[20:06:46]   Season 1986
[20:06:46]   Season 1987
[20:06:46]   Season 1988
[20:06:46] Batch done (3 seasons)
[20:06:50] Fetching seasons batch: idx 39..41
[20:06:50]   Season 1989
[20:06:50]     Incomplete results for 1989: got 100/418 entries, re-fetching...
[20:06:57]     Fetched 16 races, 418 entries
[20:06:57]   Season 1990
[20:06:57]     Incomplete results for 1990: got 100/419 entries, re-fetching...
[20:07:02]     Retry 1 for results_1990 offset=200: HTTP Error 429: Too Many Requests
[20:07:09]     Fetched 16 races, 419 entries
[20:07:09]   Season 1991
[20:07:09]     Incomplete results for 1991: got 100/416 entries, re-fetching...
[20:07:11]     Retry 1 for results_1991 offset=0: HTTP Error 429: Too Many Requests
[20:07:20]     Retry 1 for results_1991 offset=300: HTTP Error 429: Too Many Requests
[20:07:26]     Fetched 16 races, 416 entries
[20:07:26] Batch done (3 seasons)
[20:07:29] Fetching seasons batch: idx 42..44
[20:07:29]   Season 1992
[20:07:29]     Incomplete results for 1992: got 100/419 entries, re-fetching...
[20:07:35]     Retry 1 for results_1992 offset=300: HTTP Error 429: Too Many Requests
[20:07:41]     Fetched 16 races, 419 entries
[20:07:41]   Season 1993
[20:07:41]     Incomplete results for 1993: got 100/404 entries, re-fetching...
[20:07:43]     Retry 1 for results_1993 offset=100: HTTP Error 429: Too Many Requests
[20:07:52]     Retry 1 for results_1993 offset=400: HTTP Error 429: Too Many Requests
[20:07:57]     Fetched 16 races, 404 entries
[20:07:58]   Season 1994
[20:07:58]     Incomplete results for 1994: got 100/418 entries, re-fetching...
[20:08:01]     Retry 1 for results_1994 offset=100: HTTP Error 429: Too Many Requests
[20:08:10]     Retry 1 for results_1994 offset=400: HTTP Error 429: Too Many Requests
[20:08:24] Fetching seasons batch: idx 42..43
[20:08:24]   Season 1992
[20:08:24]   Season 1993
[20:08:24] Batch done (2 seasons)
[20:08:37] Fetching seasons batch: idx 44..46
[20:08:37]   Season 1994
[20:08:37]     Incomplete results for 1994: got 100/418 entries, re-fetching...
[20:08:43]     Fetched 16 races, 418 entries
[20:08:43]   Season 1995
[20:08:43]     Incomplete results for 1995: got 100/418 entries, re-fetching...
[20:08:50]     Fetched 17 races, 418 entries
[20:08:50]   Season 1996
[20:08:50]     Incomplete results for 1996: got 100/328 entries, re-fetching...
[20:08:57]     Fetched 16 races, 328 entries
[20:08:57] Batch done (3 seasons)
[20:09:01] Fetching seasons batch: idx 47..49
[20:09:01]   Season 1997
[20:09:01]     Incomplete results for 1997: got 100/374 entries, re-fetching...
[20:09:07]     Fetched 17 races, 374 entries
[20:09:07]   Season 1998
[20:09:07]     Incomplete results for 1998: got 100/347 entries, re-fetching...
[20:09:09]     Retry 1 for results_1998 offset=100: HTTP Error 429: Too Many Requests
[20:09:17]     Retry 1 for results_1998 offset=300: HTTP Error 429: Too Many Requests
[20:09:21]     Fetched 16 races, 347 entries
[20:09:21]   Season 1999
[20:09:21]     Incomplete results for 1999: got 100/351 entries, re-fetching...
[20:09:25]     Retry 1 for results_1999 offset=200: HTTP Error 429: Too Many Requests
[20:09:31]     Fetched 16 races, 351 entries
[20:09:31] Batch done (3 seasons)
[20:09:36] Fetching seasons batch: idx 50..52
[20:09:36]   Season 2000
[20:09:36]     Incomplete results for 2000: got 100/373 entries, re-fetching...
[20:09:42]     Fetched 17 races, 373 entries
[20:09:42]   Season 2001
[20:09:42]     Incomplete results for 2001: got 100/373 entries, re-fetching...
[20:09:43]     Retry 1 for results_2001 offset=0: HTTP Error 429: Too Many Requests
[20:09:52]     Retry 1 for results_2001 offset=300: HTTP Error 429: Too Many Requests
[20:09:57]     Fetched 17 races, 373 entries
[20:09:57]   Season 2002
[20:09:57]     Incomplete results for 2002: got 100/359 entries, re-fetching...
[20:10:01]     Retry 1 for results_2002 offset=200: HTTP Error 429: Too Many Requests
[20:10:07]     Fetched 17 races, 359 entries
[20:10:07] Batch done (3 seasons)
[20:10:10] Fetching seasons batch: idx 53..55
[20:10:10]   Season 2003
[20:10:10]     Incomplete results for 2003: got 100/320 entries, re-fetching...
[20:10:16]     Retry 1 for results_2003 offset=300: HTTP Error 429: Too Many Requests
[20:10:20]     Fetched 16 races, 320 entries
[20:10:20]   Season 2004
[20:10:20]     Incomplete results for 2004: got 100/360 entries, re-fetching...
[20:10:25]     Retry 1 for results_2004 offset=200: HTTP Error 429: Too Many Requests
[20:10:31]     Fetched 18 races, 360 entries
[20:10:31]   Season 2005
[20:10:31]     Incomplete results for 2005: got 100/376 entries, re-fetching...
[20:10:32]     Retry 1 for results_2005 offset=0: HTTP Error 429: Too Many Requests
[20:10:41]     Retry 1 for results_2005 offset=300: HTTP Error 429: Too Many Requests
[20:10:45]     Fetched 19 races, 376 entries
[20:10:45] Batch done (3 seasons)
[20:10:50] Fetching seasons batch: idx 56..58
[20:10:50]   Season 2006
[20:10:50]     Incomplete results for 2006: got 100/396 entries, re-fetching...
[20:10:54]     Fetched 18 races, 396 entries
[20:10:54]   Season 2007
[20:10:54]     Incomplete results for 2007: got 100/374 entries, re-fetching...
[20:10:56]     Retry 1 for results_2007 offset=0: HTTP Error 429: Too Many Requests
[20:11:05]     Retry 1 for results_2007 offset=300: HTTP Error 429: Too Many Requests
[20:11:09]     Fetched 17 races, 374 entries
[20:11:09]   Season 2008
[20:11:09]     Incomplete results for 2008: got 100/368 entries, re-fetching...
[20:11:13]     Retry 1 for results_2008 offset=200: HTTP Error 429: Too Many Requests
[20:11:20]     Fetched 18 races, 368 entries
[20:11:20] Batch done (3 seasons)
[20:11:23] Fetching seasons batch: idx 59..61
[20:11:23]   Season 2009
[20:11:23]     Incomplete results for 2009: got 100/340 entries, re-fetching...
[20:11:30]     Fetched 17 races, 340 entries
[20:11:30]   Season 2010
[20:11:30]     Incomplete results for 2010: got 100/456 entries, re-fetching...
[20:11:31]     Retry 1 for results_2010 offset=0: HTTP Error 429: Too Many Requests
[20:11:38]     Retry 1 for results_2010 offset=200: HTTP Error 429: Too Many Requests
[20:11:46]     Fetched 19 races, 456 entries
[20:11:46]   Season 2011
[20:11:46]     Incomplete results for 2011: got 100/454 entries, re-fetching...
[20:11:47]     Retry 1 for results_2011 offset=0: HTTP Error 429: Too Many Requests
[20:11:55]     Retry 1 for results_2011 offset=300: HTTP Error 429: Too Many Requests
[20:12:02]     Fetched 19 races, 454 entries
[20:12:02] Batch done (3 seasons)
[20:12:04] Fetching seasons batch: idx 62..64
[20:12:04]   Season 2012
[20:12:04]     Incomplete results for 2012: got 100/478 entries, re-fetching...
[20:12:10]     Retry 1 for results_2012 offset=300: HTTP Error 429: Too Many Requests
[20:12:16]     Fetched 20 races, 478 entries
[20:12:16]   Season 2013
[20:12:16]     Incomplete results for 2013: got 100/418 entries, re-fetching...
[20:12:19]     Retry 1 for results_2013 offset=100: HTTP Error 429: Too Many Requests
[20:12:26]     Retry 1 for results_2013 offset=300: HTTP Error 429: Too Many Requests
[20:12:32]     Fetched 19 races, 418 entries
[20:12:32]   Season 2014
[20:12:32]     Incomplete results for 2014: got 100/407 entries, re-fetching...
[20:12:35]     Retry 1 for results_2014 offset=100: HTTP Error 429: Too Many Requests
[20:12:44]     Retry 1 for results_2014 offset=400: HTTP Error 429: Too Many Requests
[20:12:48]     Fetched 19 races, 407 entries
[20:12:48] Batch done (3 seasons)
[20:12:52] Fetching seasons batch: idx 65..67
[20:12:52]   Season 2015
[20:12:52]     Incomplete results for 2015: got 100/378 entries, re-fetching...
[20:12:58]     Fetched 19 races, 378 entries
[20:12:58]   Season 2016
[20:12:58]     Incomplete results for 2016: got 100/462 entries, re-fetching...
[20:13:01]     Retry 1 for results_2016 offset=100: HTTP Error 429: Too Many Requests
[20:13:10]     Retry 1 for results_2016 offset=400: HTTP Error 429: Too Many Requests
[20:13:15]     Fetched 21 races, 462 entries
[20:13:15]   Season 2017
[20:13:15]     Incomplete results for 2017: got 100/400 entries, re-fetching...
[20:13:17]     Retry 1 for results_2017 offset=100: HTTP Error 429: Too Many Requests
[20:13:25]     Fetched 20 races, 400 entries
[20:13:25] Batch done (3 seasons)
[20:13:34] Fetching seasons batch: idx 68..70
[20:13:34]   Season 2018
[20:13:34]     Incomplete results for 2018: got 100/420 entries, re-fetching...
[20:13:42]     Fetched 21 races, 420 entries
[20:13:42]   Season 2019
[20:13:42]     Incomplete results for 2019: got 100/420 entries, re-fetching...
[20:13:47]     Retry 1 for results_2019 offset=200: HTTP Error 429: Too Many Requests
[20:13:54]     Fetched 21 races, 420 entries
[20:13:54]   Season 2020
[20:13:54]     Incomplete results for 2020: got 100/340 entries, re-fetching...
[20:13:55]     Retry 1 for results_2020 offset=0: HTTP Error 429: Too Many Requests
[20:14:04]     Retry 1 for results_2020 offset=300: HTTP Error 429: Too Many Requests
[20:14:09]     Fetched 17 races, 340 entries
[20:14:09] Batch done (3 seasons)
[20:14:11] Fetching seasons batch: idx 71..73
[20:14:11]   Season 2021
[20:14:11]     Incomplete results for 2021: got 100/440 entries, re-fetching...
[20:14:14]     Retry 1 for results_2021 offset=100: HTTP Error 429: Too Many Requests
[20:14:18]     Retry 2 for results_2021 offset=100: HTTP Error 429: Too Many Requests
[20:14:26]     Retry 3 for results_2021 offset=100: HTTP Error 429: Too Many Requests
[20:14:36]     Retry 4 for results_2021 offset=100: HTTP Error 429: Too Many Requests
[20:14:48]     Fetched 5 races, 100 entries
[20:14:48]   Season 2022
[20:14:48]     Incomplete results for 2022: got 100/440 entries, re-fetching...
[20:14:49]     Retry 1 for results_2022 offset=0: HTTP Error 429: Too Many Requests
[20:14:53]     Retry 2 for results_2022 offset=0: HTTP Error 429: Too Many Requests
[20:15:00] Fetching seasons batch: idx 71..72
[20:15:00]   Season 2021
[20:15:00]     Incomplete results for 2021: got 100/440 entries, re-fetching...
[20:15:02]     Retry 1 for results_2021 offset=100: HTTP Error 429: Too Many Requests
[20:15:07]     Retry 2 for results_2021 offset=100: HTTP Error 429: Too Many Requests
[20:15:14]     Retry 3 for results_2021 offset=100: HTTP Error 429: Too Many Requests
[20:15:24]     Retry 4 for results_2021 offset=100: HTTP Error 429: Too Many Requests
[20:15:36]     Fetched 5 races, 100 entries
[20:15:36]   Season 2022
[20:15:36]     Incomplete results for 2022: got 100/440 entries, re-fetching...
[20:15:37]     Retry 1 for results_2022 offset=0: HTTP Error 429: Too Many Requests
[20:15:41]     Retry 2 for results_2022 offset=0: HTTP Error 429: Too Many Requests
[20:16:00] Fetching seasons batch: idx 71..71
[20:16:00]   Season 2021
[20:16:00]     Incomplete results for 2021: got 100/440 entries, re-fetching...
[20:16:02]     Retry 1 for results_2021 offset=100: HTTP Error 429: Too Many Requests
[20:16:07]     Retry 2 for results_2021 offset=100: HTTP Error 429: Too Many Requests
[20:16:14]     Retry 3 for results_2021 offset=100: HTTP Error 429: Too Many Requests
[20:16:24]     Retry 4 for results_2021 offset=100: HTTP Error 429: Too Many Requests
[20:16:39] Fetching seasons batch: idx 71..71
[20:16:39]   Season 2021
[20:16:39]     Incomplete results for 2021: got 100/440 entries, re-fetching...
[20:16:41]     Retry 1 for results_2021 offset=100: HTTP Error 429: Too Many Requests
[20:16:45]     Retry 2 for results_2021 offset=100: HTTP Error 429: Too Many Requests
[20:16:52]     Retry 3 for results_2021 offset=100: HTTP Error 429: Too Many Requests
[20:17:03]     Retry 4 for results_2021 offset=100: HTTP Error 429: Too Many Requests
[20:17:15]     Fetched 5 races, 100 entries
[20:17:15] Batch done (1 seasons)
[20:17:34] Fetching seasons batch: idx 71..71
[20:17:34]   Season 2021
[20:17:34]     Incomplete results for 2021: got 100/440 entries, re-fetching...
[20:17:37]     Retry 1 for results_2021 offset=100: HTTP Error 429: Too Many Requests
[20:17:41]     Retry 2 for results_2021 offset=100: HTTP Error 429: Too Many Requests
[20:17:48]     Retry 3 for results_2021 offset=100: HTTP Error 429: Too Many Requests
[20:17:58]     Retry 4 for results_2021 offset=100: HTTP Error 429: Too Many Requests
[20:18:08] Fetching seasons batch: idx 71..71
[20:18:08]   Season 2021
[20:18:08]     Incomplete results for 2021: got 100/440 entries, re-fetching...
[20:18:11]     Retry 1 for results_2021 offset=100: HTTP Error 429: Too Many Requests
[20:18:15]     Retry 2 for results_2021 offset=100: HTTP Error 429: Too Many Requests
[20:18:22]     Retry 3 for results_2021 offset=100: HTTP Error 429: Too Many Requests
[20:18:32]     Retry 4 for results_2021 offset=100: HTTP Error 429: Too Many Requests
[20:18:44]     Fetched 5 races, 100 entries
[20:18:44] Batch done (1 seasons)
[20:19:49] Fetching seasons batch: idx 3..6
[20:19:49]   Season 1953
[20:19:49]     Incomplete results for 1953: got 0/246 entries, re-fetching...
[20:19:55]     Fetched 9 races, 244 entries
[20:19:55]   Season 1954
[20:19:55]     Incomplete results for 1954: got 0/229 entries, re-fetching...
[20:20:00]     Fetched 9 races, 228 entries
[20:20:00]   Season 1955
[20:20:00]     Incomplete results for 1955: got 0/177 entries, re-fetching...
[20:20:03]     Fetched 7 races, 176 entries
[20:20:03]   Season 1956
[20:20:03]     Incomplete results for 1956: got 0/189 entries, re-fetching...
[20:20:07]     Fetched 8 races, 186 entries
[20:20:07] Batch done (4 seasons)
[20:20:31] Fetching seasons batch: idx 8..8
[20:20:31]   Season 1958
[20:20:31] Batch done (1 seasons)
[20:20:41] Fetching seasons batch: idx 8..8
[20:20:41]   Season 1958
[20:20:41]     Incomplete results for 1958: got 0/226 entries, re-fetching...
[20:20:46]     Fetched 11 races, 225 entries
[20:20:46] Batch done (1 seasons)
[20:20:49] Fetching seasons batch: idx 11..12
[20:20:49]   Season 1961
[20:20:49]     Incomplete results for 1961: got 0/215 entries, re-fetching...
[20:20:54]     Fetched 8 races, 213 entries
[20:20:54]   Season 1962
[20:20:54]     Incomplete results for 1962: got 0/205 entries, re-fetching...
[20:20:59]     Fetched 9 races, 204 entries
[20:20:59] Batch done (2 seasons)
[20:21:10] Fetching seasons batch: idx 71..71
[20:21:10]   Season 2021
[20:21:10]     Incomplete results for 2021: got 0/440 entries, re-fetching...
[20:21:14]     Retry 1 for results_2021 offset=100: HTTP Error 429: Too Many Requests
[20:21:20]     Retry 2 for results_2021 offset=100: HTTP Error 429: Too Many Requests
[20:21:32]     Retry 3 for results_2021 offset=100: HTTP Error 429: Too Many Requests
[20:21:49]     Retry 4 for results_2021 offset=100: HTTP Error 429: Too Many Requests
[20:33:36] ═══ PHASE 2: PROCESSING DATA ═══
[20:33:36] Stats: 818 drivers, 205 constructors
[20:33:36] Loaded: 77 seasons, 881 drivers, 214 constructors, 78 circuits
[20:33:36] ═══ PHASE 3: GENERATING PAGES ═══
[20:33:36] Generating homepage...
[20:33:36]   ✓ Homepage
[20:33:36] Generating season pages...
[20:33:36]   ✓ Seasons index
[20:33:36]   ✓ 77 season pages
[20:33:36] Generating driver pages...
[20:33:36]   ✓ Drivers index
[20:33:37]   ✓ 818 driver pages
[20:33:37] Generating constructor pages...
[20:33:37]   ✓ Constructors index
[20:33:37]   ✓ 205 constructor pages
[20:33:37] Generating circuit pages...
[20:33:37]   ✓ Circuits index
[20:33:37]   ✓ 78 circuit pages
[20:33:37] Generating race pages...
[20:33:39]   ✓ 1156 race pages
[20:33:39] Generating sitemap...
[20:33:39]   ✓ Sitemap (2339 URLs)
[20:33:39] ═══ GENERATION COMPLETE in 2.7s ═══
